Using pre-set license
Built from '2020.3/staging' branch; Version is '2020.3.4f1 (0abb6314276a) revision 703331'; Using compiler version '192528614'; Build Type 'Release'
OS: 'Windows 10 Home Single Language; OS build 19043.1165; Version 2009; 64bit' Language: 'tr' Physical Memory: 16331 MB
BatchMode: 1, IsHumanControllingUs: 0, StartBugReporterOnCrash: 0, Is64bit: 1, IsPro: 0

 COMMAND LINE ARGUMENTS:
C:\Program Files\Unity\Hub\Editor\2020.3.4f1\Editor\Unity.exe
-adb2
-batchMode
-noUpm
-name
AssetImportWorker0
-projectPath
C:/Users/furka/UnityRepos/shooterproject
-logFile
Logs/AssetImportWorker0.log
-srvPort
59502
Successfully changed project path to: C:/Users/furka/UnityRepos/shooterproject
C:/Users/furka/UnityRepos/shooterproject
Using Asset Import Pipeline V2.
Refreshing native plugins compatible for Editor in 36.79 ms, found 0 plugins.
Preloading 0 native plugins for Editor in 0.00 ms.
Initialize engine version: 2020.3.4f1 (0abb6314276a)
[Subsystems] Discovering subsystems at path C:/Program Files/Unity/Hub/Editor/2020.3.4f1/Editor/Data/Resources/UnitySubsystems
[Subsystems] Discovering subsystems at path C:/Users/furka/UnityRepos/shooterproject/Assets
GfxDevice: creating device client; threaded=0
Direct3D:
    Version:  Direct3D 11.0 [level 11.1]
    Renderer: NVIDIA GeForce GTX 1060 6GB (ID=0x1c03)
    Vendor:   
    VRAM:     6052 MB
    Driver:   30.0.14.7168
Initialize mono
Mono path[0] = 'C:/Program Files/Unity/Hub/Editor/2020.3.4f1/Editor/Data/Managed'
Mono path[1] = 'C:/Program Files/Unity/Hub/Editor/2020.3.4f1/Editor/Data/MonoBleedingEdge/lib/mono/unityjit'
Mono config path = 'C:/Program Files/Unity/Hub/Editor/2020.3.4f1/Editor/Data/MonoBleedingEdge/etc'
Using monoOptions --debugger-agent=transport=dt_socket,embedding=1,server=y,suspend=n,address=127.0.0.1:56380
Begin MonoManager ReloadAssembly
Registering precompiled unity dll's ...
Register platform support module: C:/Program Files/Unity/Hub/Editor/2020.3.4f1/Editor/Data/PlaybackEngines/WindowsStandaloneSupport/UnityEditor.WindowsStandalone.Extensions.dll
Registered in 0.010774 seconds.
Native extension for WindowsStandalone target not found
Refreshing native plugins compatible for Editor in 41.74 ms, found 0 plugins.
Preloading 0 native plugins for Editor in 0.00 ms.
Mono: successfully reloaded assembly
- Completed reload, in  2.848 seconds
Platform modules already initialized, skipping
Registering precompiled user dll's ...
Registered in 0.001026 seconds.
Begin MonoManager ReloadAssembly
Native extension for WindowsStandalone target not found
Refreshing native plugins compatible for Editor in 0.28 ms, found 0 plugins.
Preloading 0 native plugins for Editor in 0.00 ms.
Mono: successfully reloaded assembly
- Completed reload, in  1.143 seconds
Platform modules already initialized, skipping
========================================================================
Worker process is ready to serve import requests
Launched and connected shader compiler UnityShaderCompiler.exe after 0.07 seconds
Refreshing native plugins compatible for Editor in 0.33 ms, found 0 plugins.
Preloading 0 native plugins for Editor in 0.00 ms.
Unloading 1127 Unused Serialized files (Serialized files now loaded: 0)
System memory in use before: 57.4 MB.
System memory in use after: 57.4 MB.

Unloading 10 unused Assets to reduce memory usage. Loaded Objects now: 1569.
Total: 1.892100 ms (FindLiveObjects: 0.151300 ms CreateObjectMapping: 0.048000 ms MarkObjects: 1.599600 ms  DeleteObjects: 0.091500 ms)

========================================================================
Received Import Request.
  path: Assets/RPGPP_LT/Scene
  artifactKey: Guid(807cf4ac218a00345b44c9bd6cc3bf99) Importer(815301076,1909f56bfc062723c751e8b465ee728b)
Start importing Assets/RPGPP_LT/Scene using Guid(807cf4ac218a00345b44c9bd6cc3bf99) Importer(815301076,1909f56bfc062723c751e8b465ee728b)  -> (artifact id: '6ec7994f24f28e008a9cb6c5bb7ff4f1') in 0.013127 seconds
  Import took 0.016990 seconds .

========================================================================
Received Import Request.
  Time since last request: 0.000333 seconds.
  path: Assets/RPGPP_LT/Scene/rpgpp_lt_scene_1.0.unity
  artifactKey: Guid(d2809ab9b90eea7419d8d90d4c505d35) Importer(815301076,1909f56bfc062723c751e8b465ee728b)
Start importing Assets/RPGPP_LT/Scene/rpgpp_lt_scene_1.0.unity using Guid(d2809ab9b90eea7419d8d90d4c505d35) Importer(815301076,1909f56bfc062723c751e8b465ee728b)  -> (artifact id: 'd0a34f24bf7f85b23ee0ae3893eaa428') in 0.018347 seconds
  Import took 0.020884 seconds .

========================================================================
Received Import Request.
  Time since last request: 0.000299 seconds.
  path: Assets/RPGPP_LT
  artifactKey: Guid(21b421a49ebbc574781449dec41c3702) Importer(815301076,1909f56bfc062723c751e8b465ee728b)
Start importing Assets/RPGPP_LT using Guid(21b421a49ebbc574781449dec41c3702) Importer(815301076,1909f56bfc062723c751e8b465ee728b)  -> (artifact id: '63fb2d32a2e4f451b06815e7381d6729') in 0.007641 seconds
  Import took 0.009567 seconds .

========================================================================
Received Import Request.
  Time since last request: 4.194419 seconds.
  path: Assets/Low Poly FPS Pack - Free (Sample)
  artifactKey: Guid(b502b2f2ef1a73644ace43501b62f6d2) Importer(815301076,1909f56bfc062723c751e8b465ee728b)
Start importing Assets/Low Poly FPS Pack - Free (Sample) using Guid(b502b2f2ef1a73644ace43501b62f6d2) Importer(815301076,1909f56bfc062723c751e8b465ee728b)  -> (artifact id: '548f4a8965a9581e2c9b8780ce8ca71e') in 0.009943 seconds
  Import took 0.012456 seconds .

========================================================================
Received Import Request.
  Time since last request: 1.186150 seconds.
  path: Assets/Low Poly FPS Pack - Free (Sample)/Prefabs
  artifactKey: Guid(ae9aacb95a2e3394c9b2e152419c506c) Importer(815301076,1909f56bfc062723c751e8b465ee728b)
Start importing Assets/Low Poly FPS Pack - Free (Sample)/Prefabs using Guid(ae9aacb95a2e3394c9b2e152419c506c) Importer(815301076,1909f56bfc062723c751e8b465ee728b)  -> (artifact id: '2a933e8bd24f55fda558d4b4679f7806') in 0.007471 seconds
  Import took 0.010116 seconds .

========================================================================
Received Import Request.
  Time since last request: 0.668491 seconds.
  path: Assets/Low Poly FPS Pack - Free (Sample)/Prefabs/Example_Prefabs
  artifactKey: Guid(5ca4bb4351b232e49891740ed6b4d568) Importer(815301076,1909f56bfc062723c751e8b465ee728b)
Start importing Assets/Low Poly FPS Pack - Free (Sample)/Prefabs/Example_Prefabs using Guid(5ca4bb4351b232e49891740ed6b4d568) Importer(815301076,1909f56bfc062723c751e8b465ee728b)  -> (artifact id: '24a1c0365d5aec1785bb2a88f9a36026') in 0.008184 seconds
  Import took 0.010788 seconds .

========================================================================
Received Import Request.
  Time since last request: 0.766760 seconds.
  path: Assets/Low Poly FPS Pack - Free (Sample)/Prefabs/Example_Prefabs/Arms
  artifactKey: Guid(c7cfe180cea3a674bbbd269d7b8fc0fa) Importer(815301076,1909f56bfc062723c751e8b465ee728b)
Start importing Assets/Low Poly FPS Pack - Free (Sample)/Prefabs/Example_Prefabs/Arms using Guid(c7cfe180cea3a674bbbd269d7b8fc0fa) Importer(815301076,1909f56bfc062723c751e8b465ee728b)  -> (artifact id: '707b5d2bd67b166bd510bc1309162809') in 0.006882 seconds
  Import took 0.009195 seconds .

========================================================================
Received Import Request.
  Time since last request: 1.597164 seconds.
  path: Assets/Low Poly FPS Pack - Free (Sample)/Prefabs/Example_Prefabs/Arms/Assault_Rifle_01_Example_Prefab
  artifactKey: Guid(842f56d27d877804680181c13d501d17) Importer(815301076,1909f56bfc062723c751e8b465ee728b)
Start importing Assets/Low Poly FPS Pack - Free (Sample)/Prefabs/Example_Prefabs/Arms/Assault_Rifle_01_Example_Prefab using Guid(842f56d27d877804680181c13d501d17) Importer(815301076,1909f56bfc062723c751e8b465ee728b)  -> (artifact id: 'b04aaab1be2ce46e11172a6f6acf5e33') in 0.007646 seconds
  Import took 0.009960 seconds .

========================================================================
Received Import Request.
  Time since last request: 0.067000 seconds.
  path: Assets/Low Poly FPS Pack - Free (Sample)/Prefabs/Example_Prefabs/Arms/Assault_Rifle_01_Example_Prefab/Assault_Rifle_01_FPSController.prefab
  artifactKey: Guid(b9ca752c3df4dec4cadafd04fc5d444b) Importer(815301076,1909f56bfc062723c751e8b465ee728b)
Start importing Assets/Low Poly FPS Pack - Free (Sample)/Prefabs/Example_Prefabs/Arms/Assault_Rifle_01_Example_Prefab/Assault_Rifle_01_FPSController.prefab using Guid(b9ca752c3df4dec4cadafd04fc5d444b) Importer(815301076,1909f56bfc062723c751e8b465ee728b)  -> (artifact id: '72c9d8fcda6223e053f692617b69592d') in 0.584577 seconds
  Import took 0.589285 seconds .

========================================================================
Received Prepare
Registering precompiled user dll's ...
Registered in 0.001165 seconds.
Begin MonoManager ReloadAssembly
Native extension for WindowsStandalone target not found
Refreshing native plugins compatible for Editor in 0.28 ms, found 0 plugins.
Preloading 0 native plugins for Editor in 0.00 ms.
Mono: successfully reloaded assembly
- Completed reload, in  0.971 seconds
Platform modules already initialized, skipping
Refreshing native plugins compatible for Editor in 0.52 ms, found 0 plugins.
Preloading 0 native plugins for Editor in 0.00 ms.
Unloading 1122 Unused Serialized files (Serialized files now loaded: 0)
System memory in use before: 74.2 MB.
System memory in use after: 74.3 MB.

Unloading 5 unused Assets to reduce memory usage. Loaded Objects now: 1584.
Total: 1.787000 ms (FindLiveObjects: 0.148600 ms CreateObjectMapping: 0.046600 ms MarkObjects: 1.526500 ms  DeleteObjects: 0.063800 ms)

AssetImportWorkerClient::OnTransportError - code=2 error=End of file
